--------------- Build Started: 02/03/2013 22:05:10 Project: 115_is_cool, Configuration: ARM GCC 4.4.1 Debug ---------------
cydsfit.exe "-.appdatapath" "C:\Users\Leeb\AppData\Local\Cypress Semiconductor\PSoC Creator\2.2" "-.fdsnotice" "-.fdswarpdepfile=warp_dependencies.txt" "-.fdselabdepfile=elab_dependencies.txt" "-.fdsbldfile=generated_files.txt" "-p" "C:\CLASS\6.115\psoc\lizi\blinky\115_is_cool.cydsn\115_is_cool.cyprj" "-d" "CY8C5868AXI-LP035" "-s" "C:\CLASS\6.115\psoc\lizi\blinky\115_is_cool.cydsn\Generated_Source\PSoC5" "--" "-yv2" "-v3" "-ygs" "-q10" "-o2" "-.fftcfgtype=LE"
Elaborating Design...
HDL Generation ...
Synthesis ...
Place and Route ...
Tech mapping ...
Analog Placement ...
Analog Routing ...
Analog Code Generation ...
Digital Placement ...
Digital Routing ...
Bitstream Generation ...
Static timing analysis ...
API Generation ...
Dependency Generation ...
Clean Temporary Files ...
arm-none-eabi-gcc.exe -I. -Wno-main -I./Generated_Source/PSoC5 -mcpu=cortex-m3 -mthumb -Wall -g -D DEBUG -Wa,-alh=.\ARM_GCC_441\Debug\main.lst -ffunction-sections -c .\main.c -o .\ARM_GCC_441\Debug\main.o
arm-none-eabi-gcc.exe -I. -Wno-main -I./Generated_Source/PSoC5 -mcpu=cortex-m3 -mthumb -Wall -g -D DEBUG -Wa,-alh=.\ARM_GCC_441\Debug\Cm3Start.lst -ffunction-sections -c .\Generated_Source\PSoC5\Cm3Start.c -o .\ARM_GCC_441\Debug\Cm3Start.o
arm-none-eabi-gcc.exe -I. -Wno-main -I./Generated_Source/PSoC5 -mcpu=cortex-m3 -mthumb -Wall -g -D DEBUG -Wa,-alh=.\ARM_GCC_441\Debug\core_cm3.lst -ffunction-sections -c .\Generated_Source\PSoC5\core_cm3.c -o .\ARM_GCC_441\Debug\core_cm3.o
arm-none-eabi-as.exe -I. -I./Generated_Source/PSoC5 -mcpu=cortex-m3 -mthumb -g -alh=.\ARM_GCC_441\Debug/CyBootAsmGnu.lst -o .\ARM_GCC_441\Debug\CyBootAsmGnu.o .\Generated_Source\PSoC5\CyBootAsmGnu.s
arm-none-eabi-gcc.exe -I. -Wno-main -I./Generated_Source/PSoC5 -mcpu=cortex-m3 -mthumb -Wall -g -D DEBUG -Wa,-alh=.\ARM_GCC_441\Debug\CyDmac.lst -ffunction-sections -c .\Generated_Source\PSoC5\CyDmac.c -o .\ARM_GCC_441\Debug\CyDmac.o
arm-none-eabi-gcc.exe -I. -Wno-main -I./Generated_Source/PSoC5 -mcpu=cortex-m3 -mthumb -Wall -g -D DEBUG -Wa,-alh=.\ARM_GCC_441\Debug\CyFlash.lst -ffunction-sections -c .\Generated_Source\PSoC5\CyFlash.c -o .\ARM_GCC_441\Debug\CyFlash.o
arm-none-eabi-gcc.exe -I. -Wno-main -I./Generated_Source/PSoC5 -mcpu=cortex-m3 -mthumb -Wall -g -D DEBUG -Wa,-alh=.\ARM_GCC_441\Debug\CyLib.lst -ffunction-sections -c .\Generated_Source\PSoC5\CyLib.c -o .\ARM_GCC_441\Debug\CyLib.o
arm-none-eabi-gcc.exe -I. -Wno-main -I./Generated_Source/PSoC5 -mcpu=cortex-m3 -mthumb -Wall -g -D DEBUG -Wa,-alh=.\ARM_GCC_441\Debug\cyPm.lst -ffunction-sections -c .\Generated_Source\PSoC5\cyPm.c -o .\ARM_GCC_441\Debug\cyPm.o
arm-none-eabi-gcc.exe -I. -Wno-main -I./Generated_Source/PSoC5 -mcpu=cortex-m3 -mthumb -Wall -g -D DEBUG -Wa,-alh=.\ARM_GCC_441\Debug\CySpc.lst -ffunction-sections -c .\Generated_Source\PSoC5\CySpc.c -o .\ARM_GCC_441\Debug\CySpc.o
arm-none-eabi-gcc.exe -I. -Wno-main -I./Generated_Source/PSoC5 -mcpu=cortex-m3 -mthumb -Wall -g -D DEBUG -Wa,-alh=.\ARM_GCC_441\Debug\cyutils.lst -ffunction-sections -c .\Generated_Source\PSoC5\cyutils.c -o .\ARM_GCC_441\Debug\cyutils.o
arm-none-eabi-gcc.exe -I. -Wno-main -I./Generated_Source/PSoC5 -mcpu=cortex-m3 -mthumb -Wall -g -D DEBUG -Wa,-alh=.\ARM_GCC_441\Debug\A.lst -ffunction-sections -c .\Generated_Source\PSoC5\A.c -o .\ARM_GCC_441\Debug\A.o
arm-none-eabi-gcc.exe -I. -Wno-main -I./Generated_Source/PSoC5 -mcpu=cortex-m3 -mthumb -Wall -g -D DEBUG -Wa,-alh=.\ARM_GCC_441\Debug\B.lst -ffunction-sections -c .\Generated_Source\PSoC5\B.c -o .\ARM_GCC_441\Debug\B.o
arm-none-eabi-gcc.exe -I. -Wno-main -I./Generated_Source/PSoC5 -mcpu=cortex-m3 -mthumb -Wall -g -D DEBUG -Wa,-alh=.\ARM_GCC_441\Debug\C.lst -ffunction-sections -c .\Generated_Source\PSoC5\C.c -o .\ARM_GCC_441\Debug\C.o
arm-none-eabi-gcc.exe -I. -Wno-main -I./Generated_Source/PSoC5 -mcpu=cortex-m3 -mthumb -Wall -g -D DEBUG -Wa,-alh=.\ARM_GCC_441\Debug\D.lst -ffunction-sections -c .\Generated_Source\PSoC5\D.c -o .\ARM_GCC_441\Debug\D.o
arm-none-eabi-gcc.exe -I. -Wno-main -I./Generated_Source/PSoC5 -mcpu=cortex-m3 -mthumb -Wall -g -D DEBUG -Wa,-alh=.\ARM_GCC_441\Debug\E.lst -ffunction-sections -c .\Generated_Source\PSoC5\E.c -o .\ARM_GCC_441\Debug\E.o
arm-none-eabi-gcc.exe -I. -Wno-main -I./Generated_Source/PSoC5 -mcpu=cortex-m3 -mthumb -Wall -g -D DEBUG -Wa,-alh=.\ARM_GCC_441\Debug\F.lst -ffunction-sections -c .\Generated_Source\PSoC5\F.c -o .\ARM_GCC_441\Debug\F.o
arm-none-eabi-gcc.exe -I. -Wno-main -I./Generated_Source/PSoC5 -mcpu=cortex-m3 -mthumb -Wall -g -D DEBUG -Wa,-alh=.\ARM_GCC_441\Debug\G.lst -ffunction-sections -c .\Generated_Source\PSoC5\G.c -o .\ARM_GCC_441\Debug\G.o
arm-none-eabi-gcc.exe -I. -Wno-main -I./Generated_Source/PSoC5 -mcpu=cortex-m3 -mthumb -Wall -g -D DEBUG -Wa,-alh=.\ARM_GCC_441\Debug\P.lst -ffunction-sections -c .\Generated_Source\PSoC5\P.c -o .\ARM_GCC_441\Debug\P.o
arm-none-eabi-gcc.exe -I. -Wno-main -I./Generated_Source/PSoC5 -mcpu=cortex-m3 -mthumb -Wall -g -D DEBUG -Wa,-alh=.\ARM_GCC_441\Debug\cyfitter_cfg.lst -ffunction-sections -c .\Generated_Source\PSoC5\cyfitter_cfg.c -o .\ARM_GCC_441\Debug\cyfitter_cfg.o
arm-none-eabi-ar.exe -rs .\ARM_GCC_441\Debug\115_is_cool.a .\ARM_GCC_441\Debug\core_cm3.o .\ARM_GCC_441\Debug\CyBootAsmGnu.o .\ARM_GCC_441\Debug\CyDmac.o .\ARM_GCC_441\Debug\CyFlash.o .\ARM_GCC_441\Debug\CyLib.o .\ARM_GCC_441\Debug\cyPm.o .\ARM_GCC_441\Debug\CySpc.o .\ARM_GCC_441\Debug\cyutils.o .\ARM_GCC_441\Debug\A.o .\ARM_GCC_441\Debug\B.o .\ARM_GCC_441\Debug\C.o .\ARM_GCC_441\Debug\D.o .\ARM_GCC_441\Debug\E.o .\ARM_GCC_441\Debug\F.o .\ARM_GCC_441\Debug\G.o .\ARM_GCC_441\Debug\P.o .\ARM_GCC_441\Debug\cyfitter_cfg.o
arm-none-eabi-ar.exe: creating .\ARM_GCC_441\Debug\115_is_cool.a
arm-none-eabi-gcc.exe -mthumb -march=armv7-m -mfix-cortex-m3-ldrd -T .\Generated_Source\PSoC5\cm3gcc.ld -g -Wl,-Map,.\ARM_GCC_441\Debug\115_is_cool.map -Wl,--gc-sections -Wl,--start-group -o .\ARM_GCC_441\Debug\115_is_cool.elf .\ARM_GCC_441\Debug\main.o .\ARM_GCC_441\Debug\Cm3Start.o .\ARM_GCC_441\Debug\115_is_cool.a "c:\program files (x86)\Cypress\psoc creator\2.2\psoc creator\psoc\content\cycomponentlibrary\CyComponentLibrary.cylib\CortexM3\ARM_GCC_441\Debug\CyComponentLibrary.a" -Wl,--end-group
arm-none-eabi-objcopy.exe -O ihex .\ARM_GCC_441\Debug\115_is_cool.elf .\ARM_GCC_441\Debug\115_is_cool.ihx
cyhextool -o .\ARM_GCC_441\Debug\115_is_cool.hex -f .\ARM_GCC_441\Debug\115_is_cool.ihx -prot .\Generated_Source\PSoC5\protect.hex -id 2E123069 -a EEPROM=90200000:800,PROGRAM=00000000:40000,CONFIG=80000000:8000,PROTECT=90400000:100 -meta 0001 -cunv 00004005 -wonv BC90ACAF -ecc .\Generated_Source\PSoC5\config.hex
Flash used: 3992 of 262144 bytes (1.5 %).
SRAM used: 288 of 65536 bytes (0.4 %).
--------------- Build Succeeded: 02/03/2013 22:05:22 ---------------
