--------------- Rebuild Started: 04/14/2014 17:11:01 Project: 115_is_cool, Configuration: ARM GCC 4.7.3 Debug ---------------
cydsfit.exe "-.appdatapath" "C:\Users\akashbad\AppData\Local\Cypress Semiconductor\PSoC Creator\3.0" "-.fdsnotice" "-.fdswarpdepfile=warp_dependencies.txt" "-.fdselabdepfile=elab_dependencies.txt" "-.fdsbldfile=generated_files.txt" "-p" "C:\Users\akashbad\Documents\6.115\Lab2\blinky\115_is_cool.cydsn\115_is_cool.cyprj" "-d" "CY8C5868AXI-LP035" "-s" "C:\Users\akashbad\Documents\6.115\Lab2\blinky\115_is_cool.cydsn\Generated_Source\PSoC5" "--" "-yv2" "-v3" "-ygs" "-q10" "-o2" "-.fftcfgtype=LE"
Elaborating Design...
HDL Generation ...
Synthesis ...
Place and Route ...
Tech mapping ...
Analog Placement ...
Analog Routing ...
Analog Code Generation ...
Digital Placement ...
Digital Routing ...
Bitstream Generation ...
Static timing analysis ...
API Generation ...
Dependency Generation ...
Clean Temporary Files ...
arm-none-eabi-gcc.exe -I. -I./Generated_Source/PSoC5 -Wno-main -mcpu=cortex-m3 -mthumb -Wall -g -D DEBUG -Wa,-alh=.\ARM_GCC_473\Debug\main.lst -ffunction-sections -c .\main.c -o .\ARM_GCC_473\Debug\main.o
arm-none-eabi-gcc.exe -I. -I./Generated_Source/PSoC5 -Wno-main -mcpu=cortex-m3 -mthumb -Wall -g -D DEBUG -Wa,-alh=.\ARM_GCC_473\Debug\cyfitter_cfg.lst -ffunction-sections -c .\Generated_Source\PSoC5\cyfitter_cfg.c -o .\ARM_GCC_473\Debug\cyfitter_cfg.o
arm-none-eabi-gcc.exe -I. -I./Generated_Source/PSoC5 -Wno-main -mcpu=cortex-m3 -mthumb -Wall -g -D DEBUG -Wa,-alh=.\ARM_GCC_473\Debug\Cm3Start.lst -ffunction-sections -c .\Generated_Source\PSoC5\Cm3Start.c -o .\ARM_GCC_473\Debug\Cm3Start.o
arm-none-eabi-as.exe -I. -I./Generated_Source/PSoC5 -mcpu=cortex-m3 -mthumb -g -alh=.\ARM_GCC_473\Debug/CyBootAsmGnu.lst -o .\ARM_GCC_473\Debug\CyBootAsmGnu.o .\Generated_Source\PSoC5\CyBootAsmGnu.s
arm-none-eabi-gcc.exe -I. -I./Generated_Source/PSoC5 -Wno-main -mcpu=cortex-m3 -mthumb -Wall -g -D DEBUG -Wa,-alh=.\ARM_GCC_473\Debug\CyDmac.lst -ffunction-sections -c .\Generated_Source\PSoC5\CyDmac.c -o .\ARM_GCC_473\Debug\CyDmac.o
arm-none-eabi-gcc.exe -I. -I./Generated_Source/PSoC5 -Wno-main -mcpu=cortex-m3 -mthumb -Wall -g -D DEBUG -Wa,-alh=.\ARM_GCC_473\Debug\CyFlash.lst -ffunction-sections -c .\Generated_Source\PSoC5\CyFlash.c -o .\ARM_GCC_473\Debug\CyFlash.o
arm-none-eabi-gcc.exe -I. -I./Generated_Source/PSoC5 -Wno-main -mcpu=cortex-m3 -mthumb -Wall -g -D DEBUG -Wa,-alh=.\ARM_GCC_473\Debug\CyLib.lst -ffunction-sections -c .\Generated_Source\PSoC5\CyLib.c -o .\ARM_GCC_473\Debug\CyLib.o
arm-none-eabi-gcc.exe -I. -I./Generated_Source/PSoC5 -Wno-main -mcpu=cortex-m3 -mthumb -Wall -g -D DEBUG -Wa,-alh=.\ARM_GCC_473\Debug\cyPm.lst -ffunction-sections -c .\Generated_Source\PSoC5\cyPm.c -o .\ARM_GCC_473\Debug\cyPm.o
arm-none-eabi-gcc.exe -I. -I./Generated_Source/PSoC5 -Wno-main -mcpu=cortex-m3 -mthumb -Wall -g -D DEBUG -Wa,-alh=.\ARM_GCC_473\Debug\CySpc.lst -ffunction-sections -c .\Generated_Source\PSoC5\CySpc.c -o .\ARM_GCC_473\Debug\CySpc.o
arm-none-eabi-gcc.exe -I. -I./Generated_Source/PSoC5 -Wno-main -mcpu=cortex-m3 -mthumb -Wall -g -D DEBUG -Wa,-alh=.\ARM_GCC_473\Debug\cyutils.lst -ffunction-sections -c .\Generated_Source\PSoC5\cyutils.c -o .\ARM_GCC_473\Debug\cyutils.o
arm-none-eabi-gcc.exe -I. -I./Generated_Source/PSoC5 -Wno-main -mcpu=cortex-m3 -mthumb -Wall -g -D DEBUG -Wa,-alh=.\ARM_GCC_473\Debug\A.lst -ffunction-sections -c .\Generated_Source\PSoC5\A.c -o .\ARM_GCC_473\Debug\A.o
arm-none-eabi-gcc.exe -I. -I./Generated_Source/PSoC5 -Wno-main -mcpu=cortex-m3 -mthumb -Wall -g -D DEBUG -Wa,-alh=.\ARM_GCC_473\Debug\B.lst -ffunction-sections -c .\Generated_Source\PSoC5\B.c -o .\ARM_GCC_473\Debug\B.o
arm-none-eabi-gcc.exe -I. -I./Generated_Source/PSoC5 -Wno-main -mcpu=cortex-m3 -mthumb -Wall -g -D DEBUG -Wa,-alh=.\ARM_GCC_473\Debug\C.lst -ffunction-sections -c .\Generated_Source\PSoC5\C.c -o .\ARM_GCC_473\Debug\C.o
arm-none-eabi-gcc.exe -I. -I./Generated_Source/PSoC5 -Wno-main -mcpu=cortex-m3 -mthumb -Wall -g -D DEBUG -Wa,-alh=.\ARM_GCC_473\Debug\D.lst -ffunction-sections -c .\Generated_Source\PSoC5\D.c -o .\ARM_GCC_473\Debug\D.o
arm-none-eabi-gcc.exe -I. -I./Generated_Source/PSoC5 -Wno-main -mcpu=cortex-m3 -mthumb -Wall -g -D DEBUG -Wa,-alh=.\ARM_GCC_473\Debug\E.lst -ffunction-sections -c .\Generated_Source\PSoC5\E.c -o .\ARM_GCC_473\Debug\E.o
arm-none-eabi-gcc.exe -I. -I./Generated_Source/PSoC5 -Wno-main -mcpu=cortex-m3 -mthumb -Wall -g -D DEBUG -Wa,-alh=.\ARM_GCC_473\Debug\F.lst -ffunction-sections -c .\Generated_Source\PSoC5\F.c -o .\ARM_GCC_473\Debug\F.o
arm-none-eabi-gcc.exe -I. -I./Generated_Source/PSoC5 -Wno-main -mcpu=cortex-m3 -mthumb -Wall -g -D DEBUG -Wa,-alh=.\ARM_GCC_473\Debug\G.lst -ffunction-sections -c .\Generated_Source\PSoC5\G.c -o .\ARM_GCC_473\Debug\G.o
arm-none-eabi-gcc.exe -I. -I./Generated_Source/PSoC5 -Wno-main -mcpu=cortex-m3 -mthumb -Wall -g -D DEBUG -Wa,-alh=.\ARM_GCC_473\Debug\P.lst -ffunction-sections -c .\Generated_Source\PSoC5\P.c -o .\ARM_GCC_473\Debug\P.o
arm-none-eabi-gcc.exe -I. -I./Generated_Source/PSoC5 -Wno-main -mcpu=cortex-m3 -mthumb -Wall -g -D DEBUG -Wa,-alh=.\ARM_GCC_473\Debug\cymetadata.lst -ffunction-sections -c .\Generated_Source\PSoC5\cymetadata.c -o .\ARM_GCC_473\Debug\cymetadata.o
arm-none-eabi-ar.exe -rs .\ARM_GCC_473\Debug\115_is_cool.a .\ARM_GCC_473\Debug\cyfitter_cfg.o .\ARM_GCC_473\Debug\CyBootAsmGnu.o .\ARM_GCC_473\Debug\CyDmac.o .\ARM_GCC_473\Debug\CyFlash.o .\ARM_GCC_473\Debug\CyLib.o .\ARM_GCC_473\Debug\cyPm.o .\ARM_GCC_473\Debug\CySpc.o .\ARM_GCC_473\Debug\cyutils.o .\ARM_GCC_473\Debug\A.o .\ARM_GCC_473\Debug\B.o .\ARM_GCC_473\Debug\C.o .\ARM_GCC_473\Debug\D.o .\ARM_GCC_473\Debug\E.o .\ARM_GCC_473\Debug\F.o .\ARM_GCC_473\Debug\G.o .\ARM_GCC_473\Debug\P.o
arm-none-eabi-ar.exe: creating .\ARM_GCC_473\Debug\115_is_cool.a
arm-none-eabi-gcc.exe -mthumb -march=armv7-m -mfix-cortex-m3-ldrd -T .\Generated_Source\PSoC5\cm3gcc.ld -g -Wl,-Map,.\ARM_GCC_473\Debug\115_is_cool.map -specs=nano.specs -Wl,--gc-sections -Wl,--start-group -o .\ARM_GCC_473\Debug\115_is_cool.elf .\ARM_GCC_473\Debug\main.o .\ARM_GCC_473\Debug\Cm3Start.o .\ARM_GCC_473\Debug\cymetadata.o .\ARM_GCC_473\Debug\115_is_cool.a "C:\Program Files (x86)\Cypress\PSoC Creator\3.0\PSoC Creator\psoc\content\cycomponentlibrary\CyComponentLibrary.cylib\CortexM3\ARM_GCC_473\Debug\CyComponentLibrary.a" -Wl,--end-group
cyelftool.exe -C C:\Users\akashbad\Documents\6.115\Lab2\blinky\115_is_cool.cydsn\ARM_GCC_473\Debug\115_is_cool.elf --flash_size 262144 --flash_row_size 256
cyelftool.exe -S C:\Users\akashbad\Documents\6.115\Lab2\blinky\115_is_cool.cydsn\ARM_GCC_473\Debug\115_is_cool.elf
Flash used: 3102 of 262144 bytes (1.2 %).
SRAM used: 20797 of 65536 bytes (31.7 %).
--------------- Rebuild Succeeded: 04/14/2014 17:11:15 ---------------
