--------------- Clean Started: 04/14/2014 17:10:56 Project: 115_is_cool, Configuration: ARM GCC 4.7.3 Debug ---------------
Deleting file ".\ARM_GCC_473\Debug\main.o"
Deleting file ".\ARM_GCC_473\Debug\cyfitter_cfg.o"
Deleting file ".\ARM_GCC_473\Debug\Cm3Start.o"
Deleting file ".\ARM_GCC_473\Debug\CyBootAsmGnu.o"
Deleting file ".\ARM_GCC_473\Debug\CyDmac.o"
Deleting file ".\ARM_GCC_473\Debug\CyFlash.o"
Deleting file ".\ARM_GCC_473\Debug\CyLib.o"
Deleting file ".\ARM_GCC_473\Debug\cyPm.o"
Deleting file ".\ARM_GCC_473\Debug\CySpc.o"
Deleting file ".\ARM_GCC_473\Debug\cyutils.o"
Deleting file ".\ARM_GCC_473\Debug\A.o"
Deleting file ".\ARM_GCC_473\Debug\B.o"
Deleting file ".\ARM_GCC_473\Debug\C.o"
Deleting file ".\ARM_GCC_473\Debug\D.o"
Deleting file ".\ARM_GCC_473\Debug\E.o"
Deleting file ".\ARM_GCC_473\Debug\F.o"
Deleting file ".\ARM_GCC_473\Debug\G.o"
Deleting file ".\ARM_GCC_473\Debug\P.o"
Deleting file ".\ARM_GCC_473\Debug\cymetadata.o"
Deleting file ".\ARM_GCC_473\Debug\115_is_cool.hex"
Deleting file ".\ARM_GCC_473\Debug\115_is_cool.elf"
Deleting file ".\ARM_GCC_473\Debug\115_is_cool.map"
Deleting file ".\115_is_cool.cycdx"
Deleting file ".\115_is_cool.rpt"
Deleting file ".\115_is_cool_timing.html"
Deleting file ".\ARM_GCC_473\Debug\.deps\C_FILE.P"
Deleting file ".\ARM_GCC_473\Debug\.deps\ARM_C_FILE.P"
Deleting file ".\ARM_GCC_473\Debug\.deps\GNU_ARM_ASM_FILE.P"
--------------- Clean Succeeded: 04/14/2014 17:10:57 ---------------
