--------------- Clean Started: 04/14/2014 18:16:43 Project: GoSocedo, Configuration: ARM GCC 4.7.3 Debug ---------------
Deleting file ".\CortexM3\ARM_GCC_473\Debug\main.o"
Deleting file ".\CortexM3\ARM_GCC_473\Debug\cyfitter_cfg.o"
Deleting file ".\CortexM3\ARM_GCC_473\Debug\cymetadata.o"
Deleting file ".\CortexM3\ARM_GCC_473\Debug\LED0.o"
Deleting file ".\CortexM3\ARM_GCC_473\Debug\LED1.o"
Deleting file ".\CortexM3\ARM_GCC_473\Debug\LED2.o"
Deleting file ".\CortexM3\ARM_GCC_473\Debug\LED3.o"
Deleting file ".\CortexM3\ARM_GCC_473\Debug\LED4.o"
Deleting file ".\CortexM3\ARM_GCC_473\Debug\LED5.o"
Deleting file ".\CortexM3\ARM_GCC_473\Debug\LED6.o"
Deleting file ".\CortexM3\ARM_GCC_473\Debug\LED7.o"
Deleting file ".\CortexM3\ARM_GCC_473\Debug\PotPin.o"
Deleting file ".\CortexM3\ARM_GCC_473\Debug\Cm3Start.o"
Deleting file ".\CortexM3\ARM_GCC_473\Debug\CyBootAsmGnu.o"
Deleting file ".\CortexM3\ARM_GCC_473\Debug\CyDmac.o"
Deleting file ".\CortexM3\ARM_GCC_473\Debug\CyFlash.o"
Deleting file ".\CortexM3\ARM_GCC_473\Debug\CyLib.o"
Deleting file ".\CortexM3\ARM_GCC_473\Debug\cyPm.o"
Deleting file ".\CortexM3\ARM_GCC_473\Debug\CySpc.o"
Deleting file ".\CortexM3\ARM_GCC_473\Debug\cyutils.o"
Deleting file ".\CortexM3\ARM_GCC_473\Debug\ADC.o"
Deleting file ".\CortexM3\ARM_GCC_473\Debug\ADC_PM.o"
Deleting file ".\CortexM3\ARM_GCC_473\Debug\ADC_INT.o"
Deleting file ".\CortexM3\ARM_GCC_473\Debug\ADC_AMux.o"
Deleting file ".\CortexM3\ARM_GCC_473\Debug\ADC_Ext_CP_Clk.o"
Deleting file ".\CortexM3\ARM_GCC_473\Debug\ADC_IRQ.o"
Deleting file ".\CortexM3\ARM_GCC_473\Debug\ADC_theACLK.o"
Deleting file ".\CortexM3\ARM_GCC_473\Debug\LCD.o"
Deleting file ".\CortexM3\ARM_GCC_473\Debug\LCD_PM.o"
Deleting file ".\CortexM3\ARM_GCC_473\Debug\LCD_LCDPort.o"
Deleting file ".\CortexM3\ARM_GCC_473\Debug\GoSocedo.hex"
Deleting file ".\CortexM3\ARM_GCC_473\Debug\GoSocedo.elf"
Deleting file ".\CortexM3\ARM_GCC_473\Debug\GoSocedo.map"
Deleting file ".\GoSocedo.cycdx"
Deleting file ".\GoSocedo.svd"
Deleting file ".\GoSocedo.rpt"
Deleting file ".\GoSocedo_timing.html"
Deleting file ".\CortexM3\ARM_GCC_473\Debug\.deps\C_FILE.P"
Deleting file ".\CortexM3\ARM_GCC_473\Debug\.deps\ARM_C_FILE.P"
Deleting file ".\CortexM3\ARM_GCC_473\Debug\.deps\GNU_ARM_ASM_FILE.P"
--------------- Clean Succeeded: 04/14/2014 18:16:44 ---------------
