--------------- Rebuild Started: 04/28/2014 19:12:52 Project: USBLauncher, Configuration: ARM GCC 4.7.3 Debug ---------------
Deleting file ".\USBLauncher.cycdx"
Deleting file ".\USBLauncher.svd"
Deleting file ".\USBLauncher.rpt"
Deleting file ".\USBLauncher_timing.html"
cydsfit.exe "-.appdatapath" "C:\Users\akashbad\AppData\Local\Cypress Semiconductor\PSoC Creator\3.0" "-.fdsnotice" "-.fdswarpdepfile=warp_dependencies.txt" "-.fdselabdepfile=elab_dependencies.txt" "-.fdsbldfile=generated_files.txt" "-p" "C:\Users\akashbad\Documents\6.115\Final Project\USBLauncher\USBLauncher.cydsn\USBLauncher.cyprj" "-d" "CY8C5868AXI-LP035" "-s" "C:\Users\akashbad\Documents\6.115\Final Project\USBLauncher\USBLauncher.cydsn\Generated_Source\PSoC5" "--" "-yv2" "-v3" "-ygs" "-q10" "-o2" "-.fftcfgtype=LE"
Elaborating Design...
ADD: pft.M0028: warning: Clock Warning: (PWM_Clock's accuracy range '24.000 MHz ñ 0.250%, (23.940 MHz - 24.060 MHz)' is not within the specified tolerance range '100.000 MHz ñ 5.000%, (95.000 MHz - 105.000 MHz)'.).
 * C:\Users\akashbad\Documents\6.115\Final Project\USBLauncher\USBLauncher.cydsn\TopDesign\TopDesign.cysch (Instance: PWM_Clock)
 * C:\Users\akashbad\Documents\6.115\Final Project\USBLauncher\USBLauncher.cydsn\USBLauncher.cydwr (PWM_Clock)
HDL Generation ...
Synthesis ...
Place and Route ...
Tech mapping ...
Info: mpr.M0037: Unused pieces of the design have been optimized out. See the Tech mapping section of the report file for details. (App=cydsfit)
Analog Placement ...
Info: apr.M0002: Analog signal "\ADC:Net_690\" is connected to one terminal only. (App=cydsfit)
Analog Routing ...
Analog Code Generation ...
Digital Placement ...
Digital Routing ...
Bitstream Generation ...
Static timing analysis ...
API Generation ...
Dependency Generation ...
Clean Temporary Files ...
arm-none-eabi-gcc.exe -I. -I./Generated_Source/PSoC5 -Wno-main -mcpu=cortex-m3 -mthumb -Wall -g -D DEBUG -Wa,-alh=.\CortexM3\ARM_GCC_473\Debug\main.lst -ffunction-sections -c .\main.c -o .\CortexM3\ARM_GCC_473\Debug\main.o
.\main.c: In function 'main':
.\main.c:122:5: warning: implicit declaration of function 'USBFS_Start' [-Wimplicit-function-declaration]
.\main.c:122:20: error: 'USBFS_DWR_VDDD_OPERATION' undeclared (first use in this function)
.\main.c:122:20: note: each undeclared identifier is reported only once for each function it appears in
.\main.c:125:5: warning: implicit declaration of function 'USBFS_bGetConfiguration' [-Wimplicit-function-declaration]
.\main.c:136:3: warning: implicit declaration of function 'USBFS_GetEPState' [-Wimplicit-function-declaration]
.\main.c:136:39: error: 'USBFS_IN_BUFFER_EMPTY' undeclared (first use in this function)
.\main.c:139:4: warning: implicit declaration of function 'USBFS_LoadEP' [-Wimplicit-function-declaration]
.\main.c:141:4: warning: implicit declaration of function 'USBFS_EnableOutEP' [-Wimplicit-function-declaration]
.\main.c:145:40: error: 'USBFS_OUT_BUFFER_FULL' undeclared (first use in this function)
.\main.c:148:4: warning: implicit declaration of function 'USBFS_GetEPCount' [-Wimplicit-function-declaration]
.\main.c:150:4: warning: implicit declaration of function 'USBFS_ReadOutEP' [-Wimplicit-function-declaration]
The command 'arm-none-eabi-gcc.exe' failed with exit code '1'.
--------------- Rebuild Failed: 04/28/2014 19:13:07 ---------------
